\BOOKMARK [1][-]{Abstract.1}{Abstract}{}% 1
\BOOKMARK [1][-]{tableofcontents.1}{Contents}{}% 2
\BOOKMARK [1][-]{lof.1}{List of Figures}{}% 3
\BOOKMARK [1][-]{lot.1}{List of Tables}{}% 4
\BOOKMARK [1][-]{lol.1}{Listings}{}% 5
\BOOKMARK [1][-]{acronyms.1}{Acronyms}{}% 6
\BOOKMARK [-1][]{part.1}{Setting The Context}{}% 7
\BOOKMARK [0][]{chapter.1}{1 Introduction}{part.1}% 8
\BOOKMARK [1][-]{section.1.1}{1.1 Emergence}{chapter.1}% 9
\BOOKMARK [1][-]{section.1.2}{1.2 Distributed Systems}{chapter.1}% 10
\BOOKMARK [1][-]{section.1.3}{1.3 Agent-based Object Models}{chapter.1}% 11
\BOOKMARK [0][]{chapter.2}{2 Background Information}{part.1}% 12
\BOOKMARK [1][-]{section.2.1}{2.1 Social Insects}{chapter.2}% 13
\BOOKMARK [1][-]{section.2.2}{2.2 Communication}{chapter.2}% 14
\BOOKMARK [1][-]{section.2.3}{2.3 Current research}{chapter.2}% 15
\BOOKMARK [0][]{chapter.3}{3 Model Overview}{part.1}% 16
\BOOKMARK [1][-]{section.3.1}{3.1 Environment}{chapter.3}% 17
\BOOKMARK [2][-]{subsection.3.1.1}{3.1.1 Nodes}{section.3.1}% 18
\BOOKMARK [2][-]{subsection.3.1.2}{3.1.2 Communication Stimuli}{section.3.1}% 19
\BOOKMARK [1][-]{section.3.2}{3.2 Agents}{chapter.3}% 20
\BOOKMARK [2][-]{subsection.3.2.1}{3.2.1 Task Agents}{section.3.2}% 21
\BOOKMARK [2][-]{subsection.3.2.2}{3.2.2 Agent Types}{section.3.2}% 22
\BOOKMARK [1][-]{section.3.3}{3.3 Tasks}{chapter.3}% 23
\BOOKMARK [-1][]{part.2}{Experiments And Observations}{}% 24
\BOOKMARK [0][]{chapter.4}{4 Experiments And Observations}{part.2}% 25
\BOOKMARK [1][-]{section.4.1}{4.1 Initial Pheromone Concentration Sensibility}{chapter.4}% 26
\BOOKMARK [1][-]{section.4.2}{4.2 Warning Pheromone Response}{chapter.4}% 27
\BOOKMARK [1][-]{section.4.3}{4.3 Forage Radius Investigation}{chapter.4}% 28
\BOOKMARK [0][]{chapter.5}{5 Future Work}{part.2}% 29
\BOOKMARK [1][-]{section.5.1}{5.1 Model Improvements}{chapter.5}% 30
\BOOKMARK [1][-]{section.5.2}{5.2 Implementation Issues}{chapter.5}% 31
\BOOKMARK [2][-]{subsection.5.2.1}{5.2.1 Four way connected grid}{section.5.2}% 32
\BOOKMARK [2][-]{subsection.5.2.2}{5.2.2 Simulation handler}{section.5.2}% 33
\BOOKMARK [-1][]{part.3}{Appendix}{}% 34
\BOOKMARK [0][]{appendix.A}{A Extra Experimental Results}{part.3}% 35
\BOOKMARK [0][]{appendix.B}{B Model and Simulation Source Code}{part.3}% 36
\BOOKMARK [1][-]{section.B.1}{B.1 Model Implementation Details}{appendix.B}% 37
\BOOKMARK [1][-]{section.B.2}{B.2 Source Code}{appendix.B}% 38
